{"C:\\Users\\lenovo\\Desktop\\ReactTut\\src\\components\\Contact.js": {"path":"C:\\Users\\lenovo\\Desktop\\ReactTut\\src\\components\\Contact.js","statementMap":{"0":{"start":{"line":1,"column":16},"end":{"line":13,"column":1}},"1":{"start":{"line":2,"column":4},"end":{"line":12,"column":6}}},"fnMap":{"0":{"name":"(anonymous_0)","decl":{"start":{"line":1,"column":16},"end":{"line":1,"column":17}},"loc":{"start":{"line":1,"column":20},"end":{"line":13,"column":1}},"line":1}},"branchMap":{},"s":{"0":1,"1":2},"f":{"0":2},"b":{},"_coverageSchema":"1a1c01bbd47fc00a2c39e90264f33305004495a9","hash":"222424c8c950d39ffb30945bdcd35fa99c8a2d84"}
,"C:\\Users\\lenovo\\Desktop\\ReactTut\\src\\components\\Header.js": {"path":"C:\\Users\\lenovo\\Desktop\\ReactTut\\src\\components\\Header.js","statementMap":{"0":{"start":{"line":10,"column":23},"end":{"line":50,"column":1}},"1":{"start":{"line":12,"column":25},"end":{"line":12,"column":42}},"2":{"start":{"line":14,"column":4},"end":{"line":16,"column":12}},"3":{"start":{"line":18,"column":19},"end":{"line":18,"column":36}},"4":{"start":{"line":20,"column":27},"end":{"line":20,"column":51}},"5":{"start":{"line":22,"column":22},"end":{"line":22,"column":64}},"6":{"start":{"line":22,"column":43},"end":{"line":22,"column":63}},"7":{"start":{"line":24,"column":4},"end":{"line":24,"column":27}},"8":{"start":{"line":26,"column":4},"end":{"line":49,"column":5}},"9":{"start":{"line":43,"column":22},"end":{"line":43,"column":75}}},"fnMap":{"0":{"name":"(anonymous_0)","decl":{"start":{"line":10,"column":23},"end":{"line":10,"column":24}},"loc":{"start":{"line":10,"column":27},"end":{"line":50,"column":1}},"line":10},"1":{"name":"(anonymous_1)","decl":{"start":{"line":14,"column":14},"end":{"line":14,"column":15}},"loc":{"start":{"line":14,"column":18},"end":{"line":16,"column":5}},"line":14},"2":{"name":"(anonymous_2)","decl":{"start":{"line":22,"column":34},"end":{"line":22,"column":35}},"loc":{"start":{"line":22,"column":43},"end":{"line":22,"column":63}},"line":22},"3":{"name":"(anonymous_3)","decl":{"start":{"line":42,"column":112},"end":{"line":42,"column":113}},"loc":{"start":{"line":42,"column":116},"end":{"line":44,"column":21}},"line":42}},"branchMap":{"0":{"loc":{"start":{"line":34,"column":68},"end":{"line":34,"column":101}},"type":"cond-expr","locations":[{"start":{"line":34,"column":77},"end":{"line":34,"column":87}},{"start":{"line":34,"column":90},"end":{"line":34,"column":101}}],"line":34},"1":{"loc":{"start":{"line":43,"column":22},"end":{"line":43,"column":74}},"type":"cond-expr","locations":[{"start":{"line":43,"column":40},"end":{"line":43,"column":56}},{"start":{"line":43,"column":59},"end":{"line":43,"column":74}}],"line":43}},"s":{"0":1,"1":1,"2":1,"3":1,"4":1,"5":1,"6":2,"7":1,"8":1,"9":0},"f":{"0":1,"1":1,"2":2,"3":0},"b":{"0":[1,0],"1":[0,0]},"_coverageSchema":"1a1c01bbd47fc00a2c39e90264f33305004495a9","hash":"6628c112d36dbeaa2987ffb6b111b39f4035c379"}
,"C:\\Users\\lenovo\\Desktop\\ReactTut\\src\\components\\utils\\ReactContext.js": {"path":"C:\\Users\\lenovo\\Desktop\\ReactTut\\src\\components\\utils\\ReactContext.js","statementMap":{"0":{"start":{"line":3,"column":21},"end":{"line":5,"column":2}}},"fnMap":{},"branchMap":{},"s":{"0":1},"f":{},"b":{},"_coverageSchema":"1a1c01bbd47fc00a2c39e90264f33305004495a9","hash":"e7425ea37b60ec3d46b281109d560eb75f20a0a8"}
,"C:\\Users\\lenovo\\Desktop\\ReactTut\\src\\components\\utils\\appStore.js": {"path":"C:\\Users\\lenovo\\Desktop\\ReactTut\\src\\components\\utils\\appStore.js","statementMap":{"0":{"start":{"line":5,"column":17},"end":{"line":10,"column":2}}},"fnMap":{},"branchMap":{},"s":{"0":1},"f":{},"b":{},"_coverageSchema":"1a1c01bbd47fc00a2c39e90264f33305004495a9","hash":"ac2c5fe3e129f90aa1aea3a09a5c24b287a1fab3"}
,"C:\\Users\\lenovo\\Desktop\\ReactTut\\src\\components\\utils\\cartSlice.js": {"path":"C:\\Users\\lenovo\\Desktop\\ReactTut\\src\\components\\utils\\cartSlice.js","statementMap":{"0":{"start":{"line":4,"column":18},"end":{"line":20,"column":2}},"1":{"start":{"line":11,"column":12},"end":{"line":11,"column":45}},"2":{"start":{"line":14,"column":12},"end":{"line":14,"column":30}},"3":{"start":{"line":17,"column":12},"end":{"line":17,"column":35}},"4":{"start":{"line":23,"column":53},"end":{"line":23,"column":70}}},"fnMap":{"0":{"name":"(anonymous_0)","decl":{"start":{"line":10,"column":19},"end":{"line":10,"column":20}},"loc":{"start":{"line":10,"column":35},"end":{"line":12,"column":9}},"line":10},"1":{"name":"(anonymous_1)","decl":{"start":{"line":13,"column":21},"end":{"line":13,"column":22}},"loc":{"start":{"line":13,"column":30},"end":{"line":15,"column":9}},"line":13},"2":{"name":"(anonymous_2)","decl":{"start":{"line":16,"column":21},"end":{"line":16,"column":22}},"loc":{"start":{"line":16,"column":30},"end":{"line":18,"column":9}},"line":16}},"branchMap":{},"s":{"0":1,"1":0,"2":0,"3":0,"4":1},"f":{"0":0,"1":0,"2":0},"b":{},"_coverageSchema":"1a1c01bbd47fc00a2c39e90264f33305004495a9","hash":"c2157fe5876f4e11cad1024802faa90c98a1c8d6"}
,"C:\\Users\\lenovo\\Desktop\\ReactTut\\src\\components\\utils\\constants.js": {"path":"C:\\Users\\lenovo\\Desktop\\ReactTut\\src\\components\\utils\\constants.js","statementMap":{"0":{"start":{"line":1,"column":24},"end":{"line":1,"column":102}},"1":{"start":{"line":3,"column":23},"end":{"line":3,"column":106}},"2":{"start":{"line":5,"column":24},"end":{"line":5,"column":147}}},"fnMap":{},"branchMap":{},"s":{"0":1,"1":1,"2":1},"f":{},"b":{},"_coverageSchema":"1a1c01bbd47fc00a2c39e90264f33305004495a9","hash":"39f52128b339b2d18e941b063834256ccc9241c6"}
,"C:\\Users\\lenovo\\Desktop\\ReactTut\\src\\components\\utils\\useOnlineStatus.js": {"path":"C:\\Users\\lenovo\\Desktop\\ReactTut\\src\\components\\utils\\useOnlineStatus.js","statementMap":{"0":{"start":{"line":2,"column":24},"end":{"line":18,"column":1}},"1":{"start":{"line":4,"column":32},"end":{"line":4,"column":46}},"2":{"start":{"line":6,"column":4},"end":{"line":15,"column":9}},"3":{"start":{"line":7,"column":8},"end":{"line":9,"column":11}},"4":{"start":{"line":8,"column":12},"end":{"line":8,"column":29}},"5":{"start":{"line":11,"column":8},"end":{"line":13,"column":11}},"6":{"start":{"line":12,"column":12},"end":{"line":12,"column":28}},"7":{"start":{"line":17,"column":4},"end":{"line":17,"column":18}}},"fnMap":{"0":{"name":"(anonymous_0)","decl":{"start":{"line":2,"column":24},"end":{"line":2,"column":25}},"loc":{"start":{"line":2,"column":29},"end":{"line":18,"column":1}},"line":2},"1":{"name":"(anonymous_1)","decl":{"start":{"line":6,"column":14},"end":{"line":6,"column":15}},"loc":{"start":{"line":6,"column":18},"end":{"line":15,"column":5}},"line":6},"2":{"name":"(anonymous_2)","decl":{"start":{"line":7,"column":43},"end":{"line":7,"column":44}},"loc":{"start":{"line":7,"column":47},"end":{"line":9,"column":9}},"line":7},"3":{"name":"(anonymous_3)","decl":{"start":{"line":11,"column":42},"end":{"line":11,"column":43}},"loc":{"start":{"line":11,"column":46},"end":{"line":13,"column":9}},"line":11}},"branchMap":{},"s":{"0":1,"1":1,"2":1,"3":1,"4":0,"5":1,"6":0,"7":1},"f":{"0":1,"1":1,"2":0,"3":0},"b":{},"_coverageSchema":"1a1c01bbd47fc00a2c39e90264f33305004495a9","hash":"ff24383dafc1dcd645e83016b61e8ae4ca57ca19"}
}
